2018-08-29 15:25:50.690  INFO 8430 --- [restartedMain] com.test.Application                     : Starting Application on bogon with PID 8430 (/Users/songyunhui/eclipse-workspace/springboot-demo/target/classes started by songyunhui in /Users/songyunhui/eclipse-workspace/springboot-demo)
2018-08-29 15:25:50.691  INFO 8430 --- [restartedMain] com.test.Application                     : The following profiles are active: dev
2018-08-29 15:25:50.874  INFO 8430 --- [restartedMain] ationConfigEmbeddedWebApplicationContext : Refreshing org.springframework.boot.context.embedded.AnnotationConfigEmbeddedWebApplicationContext@49b118e3: startup date [Wed Aug 29 15:25:50 CST 2018]; root of context hierarchy
2018-08-29 15:25:51.455  WARN 8430 --- [restartedMain] o.m.s.mapper.ClassPathMapperScanner      : No MyBatis mapper was found in '[com.test]' package. Please check your configuration.
2018-08-29 15:25:52.241  INFO 8430 --- [restartedMain] s.b.c.e.t.TomcatEmbeddedServletContainer : Tomcat initialized with port(s): 8081 (http)
2018-08-29 15:25:52.252  INFO 8430 --- [restartedMain] o.apache.catalina.core.StandardService   : Starting service Tomcat
2018-08-29 15:25:52.253  INFO 8430 --- [restartedMain] org.apache.catalina.core.StandardEngine  : Starting Servlet Engine: Apache Tomcat/8.5.14
2018-08-29 15:25:52.336  INFO 8430 --- [localhost-startStop-1] o.a.c.c.C.[Tomcat].[localhost].[/]       : Initializing Spring embedded WebApplicationContext
2018-08-29 15:25:52.336  INFO 8430 --- [localhost-startStop-1] o.s.web.context.ContextLoader            : Root WebApplicationContext: initialization completed in 1465 ms
2018-08-29 15:25:52.475  INFO 8430 --- [localhost-startStop-1] o.s.b.w.servlet.ServletRegistrationBean  : Mapping servlet: 'dispatcherServlet' to [/]
2018-08-29 15:25:52.479  INFO 8430 --- [localhost-startStop-1] o.s.b.w.servlet.FilterRegistrationBean   : Mapping filter: 'characterEncodingFilter' to: [/*]
2018-08-29 15:25:52.480  INFO 8430 --- [localhost-startStop-1] o.s.b.w.servlet.FilterRegistrationBean   : Mapping filter: 'hiddenHttpMethodFilter' to: [/*]
2018-08-29 15:25:52.480  INFO 8430 --- [localhost-startStop-1] o.s.b.w.servlet.FilterRegistrationBean   : Mapping filter: 'httpPutFormContentFilter' to: [/*]
2018-08-29 15:25:52.480  INFO 8430 --- [localhost-startStop-1] o.s.b.w.servlet.FilterRegistrationBean   : Mapping filter: 'requestContextFilter' to: [/*]
2018-08-29 15:25:52.528  WARN 8430 --- [restartedMain] ationConfigEmbeddedWebApplicationContext : Exception encountered during context initialization - cancelling refresh attempt: org.springframework.beans.factory.UnsatisfiedDependencyException: Error creating bean with name 'inMemoryDatabaseShutdownExecutor' defined in class path resource [org/springframework/boot/devtools/autoconfigure/DevToolsDataSourceAutoConfiguration.class]: Unsatisfied dependency expressed through method 'inMemoryDatabaseShutdownExecutor' parameter 0; nested exception is org.springframework.beans.factory.BeanCreationException: Error creating bean with name 'dataSource' defined in class path resource [org/springframework/boot/autoconfigure/jdbc/DataSourceConfiguration$Tomcat.class]: Bean instantiation via factory method failed; nested exception is org.springframework.beans.BeanInstantiationException: Failed to instantiate [org.apache.tomcat.jdbc.pool.DataSource]: Factory method 'dataSource' threw exception; nested exception is org.springframework.boot.autoconfigure.jdbc.DataSourceProperties$DataSourceBeanCreationException: Cannot determine embedded database driver class for database type NONE. If you want an embedded database please put a supported one on the classpath. If you have database settings to be loaded from a particular profile you may need to active it (the profiles "dev" are currently active).
2018-08-29 15:25:52.530  INFO 8430 --- [restartedMain] o.apache.catalina.core.StandardService   : Stopping service Tomcat
2018-08-29 15:25:52.551  INFO 8430 --- [restartedMain] utoConfigurationReportLoggingInitializer : 

Error starting ApplicationContext. To display the auto-configuration report re-run your application with 'debug' enabled.
2018-08-29 15:25:52.554 ERROR 8430 --- [restartedMain] o.s.b.d.LoggingFailureAnalysisReporter   : 

***************************
APPLICATION FAILED TO START
***************************

Description:

Cannot determine embedded database driver class for database type NONE

Action:

If you want an embedded database please put a supported one on the classpath. If you have database settings to be loaded from a particular profile you may need to active it (the profiles "dev" are currently active).

2018-08-29 15:29:13.812  INFO 8432 --- [restartedMain] com.test.Application                     : Starting Application on bogon with PID 8432 (/Users/songyunhui/eclipse-workspace/springboot-demo/target/classes started by songyunhui in /Users/songyunhui/eclipse-workspace/springboot-demo)
2018-08-29 15:29:13.814  INFO 8432 --- [restartedMain] com.test.Application                     : The following profiles are active: dev
2018-08-29 15:29:14.012  INFO 8432 --- [restartedMain] ationConfigEmbeddedWebApplicationContext : Refreshing org.springframework.boot.context.embedded.AnnotationConfigEmbeddedWebApplicationContext@60c487a2: startup date [Wed Aug 29 15:29:13 CST 2018]; root of context hierarchy
2018-08-29 15:29:14.566  WARN 8432 --- [restartedMain] o.m.s.mapper.ClassPathMapperScanner      : No MyBatis mapper was found in '[com.test]' package. Please check your configuration.
2018-08-29 15:29:15.340  INFO 8432 --- [restartedMain] s.b.c.e.t.TomcatEmbeddedServletContainer : Tomcat initialized with port(s): 8081 (http)
2018-08-29 15:29:15.351  INFO 8432 --- [restartedMain] o.apache.catalina.core.StandardService   : Starting service Tomcat
2018-08-29 15:29:15.352  INFO 8432 --- [restartedMain] org.apache.catalina.core.StandardEngine  : Starting Servlet Engine: Apache Tomcat/8.5.14
2018-08-29 15:29:15.440  INFO 8432 --- [localhost-startStop-1] o.a.c.c.C.[Tomcat].[localhost].[/]       : Initializing Spring embedded WebApplicationContext
2018-08-29 15:29:15.441  INFO 8432 --- [localhost-startStop-1] o.s.web.context.ContextLoader            : Root WebApplicationContext: initialization completed in 1445 ms
2018-08-29 15:29:15.562  INFO 8432 --- [localhost-startStop-1] o.s.b.w.servlet.ServletRegistrationBean  : Mapping servlet: 'dispatcherServlet' to [/]
2018-08-29 15:29:15.566  INFO 8432 --- [localhost-startStop-1] o.s.b.w.servlet.FilterRegistrationBean   : Mapping filter: 'characterEncodingFilter' to: [/*]
2018-08-29 15:29:15.567  INFO 8432 --- [localhost-startStop-1] o.s.b.w.servlet.FilterRegistrationBean   : Mapping filter: 'hiddenHttpMethodFilter' to: [/*]
2018-08-29 15:29:15.567  INFO 8432 --- [localhost-startStop-1] o.s.b.w.servlet.FilterRegistrationBean   : Mapping filter: 'httpPutFormContentFilter' to: [/*]
2018-08-29 15:29:15.567  INFO 8432 --- [localhost-startStop-1] o.s.b.w.servlet.FilterRegistrationBean   : Mapping filter: 'requestContextFilter' to: [/*]
2018-08-29 15:29:15.604  WARN 8432 --- [restartedMain] ationConfigEmbeddedWebApplicationContext : Exception encountered during context initialization - cancelling refresh attempt: org.springframework.beans.factory.UnsatisfiedDependencyException: Error creating bean with name 'inMemoryDatabaseShutdownExecutor' defined in class path resource [org/springframework/boot/devtools/autoconfigure/DevToolsDataSourceAutoConfiguration.class]: Unsatisfied dependency expressed through method 'inMemoryDatabaseShutdownExecutor' parameter 0; nested exception is org.springframework.beans.factory.BeanCreationException: Error creating bean with name 'dataSource' defined in class path resource [org/springframework/boot/autoconfigure/jdbc/DataSourceConfiguration$Tomcat.class]: Bean instantiation via factory method failed; nested exception is org.springframework.beans.BeanInstantiationException: Failed to instantiate [org.apache.tomcat.jdbc.pool.DataSource]: Factory method 'dataSource' threw exception; nested exception is org.springframework.boot.autoconfigure.jdbc.DataSourceProperties$DataSourceBeanCreationException: Cannot determine embedded database driver class for database type NONE. If you want an embedded database please put a supported one on the classpath. If you have database settings to be loaded from a particular profile you may need to active it (the profiles "dev" are currently active).
2018-08-29 15:29:15.606  INFO 8432 --- [restartedMain] o.apache.catalina.core.StandardService   : Stopping service Tomcat
2018-08-29 15:29:15.626  INFO 8432 --- [restartedMain] utoConfigurationReportLoggingInitializer : 

Error starting ApplicationContext. To display the auto-configuration report re-run your application with 'debug' enabled.
2018-08-29 15:29:15.631 ERROR 8432 --- [restartedMain] o.s.b.d.LoggingFailureAnalysisReporter   : 

***************************
APPLICATION FAILED TO START
***************************

Description:

Cannot determine embedded database driver class for database type NONE

Action:

If you want an embedded database please put a supported one on the classpath. If you have database settings to be loaded from a particular profile you may need to active it (the profiles "dev" are currently active).

2018-08-29 15:31:43.545  INFO 8454 --- [restartedMain] com.test.Application                     : Starting Application on bogon with PID 8454 (/Users/songyunhui/eclipse-workspace/springboot-demo/target/classes started by songyunhui in /Users/songyunhui/eclipse-workspace/springboot-demo)
2018-08-29 15:31:43.546  INFO 8454 --- [restartedMain] com.test.Application                     : The following profiles are active: dev
2018-08-29 15:31:43.747  INFO 8454 --- [restartedMain] ationConfigEmbeddedWebApplicationContext : Refreshing org.springframework.boot.context.embedded.AnnotationConfigEmbeddedWebApplicationContext@49b118e3: startup date [Wed Aug 29 15:31:43 CST 2018]; root of context hierarchy
2018-08-29 15:31:44.346  WARN 8454 --- [restartedMain] o.m.s.mapper.ClassPathMapperScanner      : No MyBatis mapper was found in '[com.test]' package. Please check your configuration.
2018-08-29 15:31:45.137  INFO 8454 --- [restartedMain] s.b.c.e.t.TomcatEmbeddedServletContainer : Tomcat initialized with port(s): 8081 (http)
2018-08-29 15:31:45.148  INFO 8454 --- [restartedMain] o.apache.catalina.core.StandardService   : Starting service Tomcat
2018-08-29 15:31:45.149  INFO 8454 --- [restartedMain] org.apache.catalina.core.StandardEngine  : Starting Servlet Engine: Apache Tomcat/8.5.14
2018-08-29 15:31:45.228  INFO 8454 --- [localhost-startStop-1] o.a.c.c.C.[Tomcat].[localhost].[/]       : Initializing Spring embedded WebApplicationContext
2018-08-29 15:31:45.229  INFO 8454 --- [localhost-startStop-1] o.s.web.context.ContextLoader            : Root WebApplicationContext: initialization completed in 1496 ms
2018-08-29 15:31:45.350  INFO 8454 --- [localhost-startStop-1] o.s.b.w.servlet.ServletRegistrationBean  : Mapping servlet: 'dispatcherServlet' to [/]
2018-08-29 15:31:45.354  INFO 8454 --- [localhost-startStop-1] o.s.b.w.servlet.FilterRegistrationBean   : Mapping filter: 'characterEncodingFilter' to: [/*]
2018-08-29 15:31:45.354  INFO 8454 --- [localhost-startStop-1] o.s.b.w.servlet.FilterRegistrationBean   : Mapping filter: 'hiddenHttpMethodFilter' to: [/*]
2018-08-29 15:31:45.354  INFO 8454 --- [localhost-startStop-1] o.s.b.w.servlet.FilterRegistrationBean   : Mapping filter: 'httpPutFormContentFilter' to: [/*]
2018-08-29 15:31:45.354  INFO 8454 --- [localhost-startStop-1] o.s.b.w.servlet.FilterRegistrationBean   : Mapping filter: 'requestContextFilter' to: [/*]
2018-08-29 15:31:45.392  WARN 8454 --- [restartedMain] ationConfigEmbeddedWebApplicationContext : Exception encountered during context initialization - cancelling refresh attempt: org.springframework.beans.factory.UnsatisfiedDependencyException: Error creating bean with name 'inMemoryDatabaseShutdownExecutor' defined in class path resource [org/springframework/boot/devtools/autoconfigure/DevToolsDataSourceAutoConfiguration.class]: Unsatisfied dependency expressed through method 'inMemoryDatabaseShutdownExecutor' parameter 0; nested exception is org.springframework.beans.factory.BeanCreationException: Error creating bean with name 'dataSource' defined in class path resource [org/springframework/boot/autoconfigure/jdbc/DataSourceConfiguration$Tomcat.class]: Bean instantiation via factory method failed; nested exception is org.springframework.beans.BeanInstantiationException: Failed to instantiate [org.apache.tomcat.jdbc.pool.DataSource]: Factory method 'dataSource' threw exception; nested exception is org.springframework.boot.autoconfigure.jdbc.DataSourceProperties$DataSourceBeanCreationException: Cannot determine embedded database driver class for database type NONE. If you want an embedded database please put a supported one on the classpath. If you have database settings to be loaded from a particular profile you may need to active it (the profiles "dev" are currently active).
2018-08-29 15:31:45.394  INFO 8454 --- [restartedMain] o.apache.catalina.core.StandardService   : Stopping service Tomcat
2018-08-29 15:31:45.412  INFO 8454 --- [restartedMain] utoConfigurationReportLoggingInitializer : 

Error starting ApplicationContext. To display the auto-configuration report re-run your application with 'debug' enabled.
2018-08-29 15:31:45.416 ERROR 8454 --- [restartedMain] o.s.b.d.LoggingFailureAnalysisReporter   : 

***************************
APPLICATION FAILED TO START
***************************

Description:

Cannot determine embedded database driver class for database type NONE

Action:

If you want an embedded database please put a supported one on the classpath. If you have database settings to be loaded from a particular profile you may need to active it (the profiles "dev" are currently active).

2018-08-29 15:32:05.744  INFO 8455 --- [restartedMain] com.test.Application                     : Starting Application on bogon with PID 8455 (/Users/songyunhui/eclipse-workspace/springboot-demo/target/classes started by songyunhui in /Users/songyunhui/eclipse-workspace/springboot-demo)
2018-08-29 15:32:05.745  INFO 8455 --- [restartedMain] com.test.Application                     : The following profiles are active: dev
2018-08-29 15:32:05.934  INFO 8455 --- [restartedMain] ationConfigEmbeddedWebApplicationContext : Refreshing org.springframework.boot.context.embedded.AnnotationConfigEmbeddedWebApplicationContext@406dcb2d: startup date [Wed Aug 29 15:32:05 CST 2018]; root of context hierarchy
2018-08-29 15:32:07.127  INFO 8455 --- [restartedMain] s.b.c.e.t.TomcatEmbeddedServletContainer : Tomcat initialized with port(s): 8081 (http)
2018-08-29 15:32:07.137  INFO 8455 --- [restartedMain] o.apache.catalina.core.StandardService   : Starting service Tomcat
2018-08-29 15:32:07.139  INFO 8455 --- [restartedMain] org.apache.catalina.core.StandardEngine  : Starting Servlet Engine: Apache Tomcat/8.5.14
2018-08-29 15:32:07.227  INFO 8455 --- [localhost-startStop-1] o.a.c.c.C.[Tomcat].[localhost].[/]       : Initializing Spring embedded WebApplicationContext
2018-08-29 15:32:07.227  INFO 8455 --- [localhost-startStop-1] o.s.web.context.ContextLoader            : Root WebApplicationContext: initialization completed in 1295 ms
2018-08-29 15:32:07.342  INFO 8455 --- [localhost-startStop-1] o.s.b.w.servlet.ServletRegistrationBean  : Mapping servlet: 'dispatcherServlet' to [/]
2018-08-29 15:32:07.346  INFO 8455 --- [localhost-startStop-1] o.s.b.w.servlet.FilterRegistrationBean   : Mapping filter: 'characterEncodingFilter' to: [/*]
2018-08-29 15:32:07.346  INFO 8455 --- [localhost-startStop-1] o.s.b.w.servlet.FilterRegistrationBean   : Mapping filter: 'hiddenHttpMethodFilter' to: [/*]
2018-08-29 15:32:07.346  INFO 8455 --- [localhost-startStop-1] o.s.b.w.servlet.FilterRegistrationBean   : Mapping filter: 'httpPutFormContentFilter' to: [/*]
2018-08-29 15:32:07.346  INFO 8455 --- [localhost-startStop-1] o.s.b.w.servlet.FilterRegistrationBean   : Mapping filter: 'requestContextFilter' to: [/*]
2018-08-29 15:32:07.570  INFO 8455 --- [restartedMain] s.w.s.m.m.a.RequestMappingHandlerAdapter : Looking for @ControllerAdvice: org.springframework.boot.context.embedded.AnnotationConfigEmbeddedWebApplicationContext@406dcb2d: startup date [Wed Aug 29 15:32:05 CST 2018]; root of context hierarchy
2018-08-29 15:32:07.628  INFO 8455 --- [restartedMain] s.w.s.m.m.a.RequestMappingHandlerMapping : Mapped "{[/error]}" onto public org.springframework.http.ResponseEntity<java.util.Map<java.lang.String, java.lang.Object>> org.springframework.boot.autoconfigure.web.BasicErrorController.error(javax.servlet.http.HttpServletRequest)
2018-08-29 15:32:07.629  INFO 8455 --- [restartedMain] s.w.s.m.m.a.RequestMappingHandlerMapping : Mapped "{[/error],produces=[text/html]}" onto public org.springframework.web.servlet.ModelAndView org.springframework.boot.autoconfigure.web.BasicErrorController.errorHtml(javax.servlet.http.HttpServletRequest,javax.servlet.http.HttpServletResponse)
2018-08-29 15:32:07.654  INFO 8455 --- [restartedMain] o.s.w.s.handler.SimpleUrlHandlerMapping  : Mapped URL path [/webjars/**] onto handler of type [class org.springframework.web.servlet.resource.ResourceHttpRequestHandler]
2018-08-29 15:32:07.654  INFO 8455 --- [restartedMain] o.s.w.s.handler.SimpleUrlHandlerMapping  : Mapped URL path [/**] onto handler of type [class org.springframework.web.servlet.resource.ResourceHttpRequestHandler]
2018-08-29 15:32:07.689  INFO 8455 --- [restartedMain] o.s.w.s.handler.SimpleUrlHandlerMapping  : Mapped URL path [/**/favicon.ico] onto handler of type [class org.springframework.web.servlet.resource.ResourceHttpRequestHandler]
2018-08-29 15:32:07.723  WARN 8455 --- [restartedMain] .t.AbstractTemplateResolverConfiguration : Cannot find template location: classpath:/templates/ (please add some templates or check your Thymeleaf configuration)
2018-08-29 15:32:08.150  INFO 8455 --- [restartedMain] o.s.b.d.a.OptionalLiveReloadServer       : LiveReload server is running on port 35729
2018-08-29 15:32:08.198  INFO 8455 --- [restartedMain] o.s.j.e.a.AnnotationMBeanExporter        : Registering beans for JMX exposure on startup
2018-08-29 15:32:08.355  INFO 8455 --- [restartedMain] s.b.c.e.t.TomcatEmbeddedServletContainer : Tomcat started on port(s): 8081 (http)
2018-08-29 15:32:08.360  INFO 8455 --- [restartedMain] com.test.Application                     : Started Application in 2.971 seconds (JVM running for 3.381)
2018-08-29 15:33:21.011  INFO 8455 --- [Thread-6] ationConfigEmbeddedWebApplicationContext : Closing org.springframework.boot.context.embedded.AnnotationConfigEmbeddedWebApplicationContext@406dcb2d: startup date [Wed Aug 29 15:32:05 CST 2018]; root of context hierarchy
2018-08-29 15:33:21.014  INFO 8455 --- [Thread-6] o.s.j.e.a.AnnotationMBeanExporter        : Unregistering JMX-exposed beans on shutdown
